2025-03-26T11:33:53.245-03:00  INFO 14440 --- [           main] liquibase.database                       : Set default schema name to public
2025-03-26T11:33:53.252-03:00  INFO 14440 --- [           main] liquibase.command                        : Logging exception.
2025-03-26T11:33:53.253-03:00  INFO 14440 --- [           main] liquibase.command                        : Command execution complete
liquibase.exception.CommandExecutionException: liquibase.exception.ChangeLogParseException: src/main/resources/db/changelog/db.changelog-master.yml does not exist
	at liquibase.command.CommandScope.execute(CommandScope.java:253)
	at liquibase.Liquibase.lambda$update$0(Liquibase.java:245)
	at liquibase.Scope.lambda$child$0(Scope.java:186)
	at liquibase.Scope.child(Scope.java:195)
	at liquibase.Scope.child(Scope.java:185)
	at liquibase.Scope.child(Scope.java:164)
	at liquibase.Liquibase.runInScope(Liquibase.java:1419)
	at liquibase.Liquibase.update(Liquibase.java:234)
	at liquibase.Liquibase.update(Liquibase.java:212)
	at liquibase.Liquibase.update(Liquibase.java:194)
	at liquibase.Liquibase.update(Liquibase.java:164)
	at com.arturlogan.board_dio.persistence.migration.MigrationStrategy.executeMigrations(MigrationStrategy.java:38)
	at com.arturlogan.board_dio.BoardDioApplication.main(BoardDioApplication.java:18)
Caused by: liquibase.exception.ChangeLogParseException: src/main/resources/db/changelog/db.changelog-master.yml does not exist
	at liquibase.parser.core.yaml.YamlChangeLogParser.parse(YamlChangeLogParser.java:33)
	at liquibase.command.core.helpers.DatabaseChangelogCommandStep.lambda$getDatabaseChangeLog$0(DatabaseChangelogCommandStep.java:129)
	at liquibase.Scope.child(Scope.java:195)
	at liquibase.Scope.child(Scope.java:171)
	at liquibase.command.core.helpers.DatabaseChangelogCommandStep.getDatabaseChangeLog(DatabaseChangelogCommandStep.java:128)
	at liquibase.command.core.helpers.DatabaseChangelogCommandStep.run(DatabaseChangelogCommandStep.java:87)
	at liquibase.command.CommandScope.execute(CommandScope.java:217)
	... 12 more
